<?xml version="1.0" encoding="UTF-8"?>
<!-- Generated by org.testng.reporters.JUnitReportReporter -->
<testsuite hostname="LAPTOP-P68MVO59" failures="0" tests="4" name="testng_practise.GroupsTest" time="0.013" errors="0" timestamp="2023-01-25T18:28:29 IST" skipped="0">
  <testcase classname="testng_practise.GroupsTest" name="Spotify" time="0.008"/>
  <system-out/>
  <testcase classname="testng_practise.GroupsTest" name="wynk" time="0.001"/>
  <system-out/>
  <testcase classname="testng_practise.GroupsTest" name="Jeans" time="0.002"/>
  <system-out/>
  <testcase classname="testng_practise.GroupsTest" name="tshirt" time="0.002"/>
  <system-out/>
</testsuite> <!-- testng_practise.GroupsTest -->
