<?xml version="1.0" encoding="UTF-8"?>
<!-- Generated by org.testng.reporters.JUnitReportReporter -->
<testsuite hostname="LAPTOP-P68MVO59" failures="0" tests="6" name="testng_practise.IgnoreTest" time="7.228" errors="0" timestamp="2023-01-23T20:25:22 IST" skipped="1">
  <testcase classname="testng_practise.IgnoreTest" name="browserLaunch" time="3.177"/>
  <system-out/>
  <testcase classname="testng_practise.IgnoreTest" name="getUrl" time="3.303"/>
  <system-out/>
  <testcase classname="testng_practise.IgnoreTest" name="landOnLoginpage" time="0.449"/>
  <system-out/>
  <testcase classname="testng_practise.IgnoreTest" name="userName" time="0.188"/>
  <system-out/>
  <testcase classname="testng_practise.IgnoreTest" name="Login_btn" time="0.111"/>
  <system-out/>
  <testcase classname="testng_practise.IgnoreTest" name="passWord">
    <skipped/>
  </testcase> <!-- passWord -->
  <system-out/>
</testsuite> <!-- testng_practise.IgnoreTest -->
