<?xml version="1.0" encoding="UTF-8"?>
<!-- Generated by org.testng.reporters.JUnitReportReporter -->
<testsuite hostname="LAPTOP-P68MVO59" failures="0" tests="6" name="testng_practise.DependsMethod" time="4.514" errors="0" timestamp="2023-01-21T14:00:52 IST" skipped="0">
  <testcase classname="testng_practise.DependsMethod" name="passWord" time="0.125"/>
  <system-out/>
  <testcase classname="testng_practise.DependsMethod" name="landOnLoginpage" time="0.365"/>
  <system-out/>
  <testcase classname="testng_practise.DependsMethod" name="userName" time="0.192"/>
  <system-out/>
  <testcase classname="testng_practise.DependsMethod" name="getUrl" time="1.299"/>
  <system-out/>
  <testcase classname="testng_practise.DependsMethod" name="Login_btn" time="0.098"/>
  <system-out/>
  <testcase classname="testng_practise.DependsMethod" name="browserLaunch" time="2.435"/>
  <system-out/>
</testsuite> <!-- testng_practise.DependsMethod -->
