<?xml version="1.0" encoding="UTF-8"?>
<!-- Generated by org.testng.reporters.JUnitReportReporter -->
<testsuite hostname="LAPTOP-P68MVO59" failures="0" tests="2" name="testng_practise.Simple_annotation" time="0.011" errors="0" timestamp="2023-01-21T13:33:50 IST" skipped="0">
  <testcase classname="testng_practise.Simple_annotation" name="dresses" time="0.009"/>
  <system-out/>
  <testcase classname="testng_practise.Simple_annotation" name="tshirt" time="0.002"/>
  <system-out/>
</testsuite> <!-- testng_practise.Simple_annotation -->
