<?xml version="1.0" encoding="UTF-8"?>
<!-- Generated by org.testng.reporters.JUnitReportReporter -->
<testsuite hostname="LAPTOP-P68MVO59" failures="0" tests="7" name="testng_practise.InvocationCount" time="10.860" errors="0" timestamp="2023-01-23T17:28:36 IST" skipped="0">
  <testcase classname="testng_practise.InvocationCount" name="browserLaunch" time="3.687"/>
  <system-out/>
  <testcase classname="testng_practise.InvocationCount" name="getUrl" time="2.381"/>
  <system-out/>
  <testcase classname="testng_practise.InvocationCount" name="refreshpage" time="1.129"/>
  <system-out/>
  <testcase classname="testng_practise.InvocationCount" name="refreshpage" time="0.716"/>
  <system-out/>
  <testcase classname="testng_practise.InvocationCount" name="refreshpage" time="0.870"/>
  <system-out/>
  <testcase classname="testng_practise.InvocationCount" name="refreshpage" time="0.992"/>
  <system-out/>
  <testcase classname="testng_practise.InvocationCount" name="refreshpage" time="1.085"/>
  <system-out/>
</testsuite> <!-- testng_practise.InvocationCount -->
