<?xml version="1.0" encoding="UTF-8"?>
<!-- Generated by org.testng.reporters.JUnitReportReporter -->
<testsuite hostname="LAPTOP-P68MVO59" failures="0" tests="5" name="testng_practise.DataProviderTest" time="20.450" errors="0" timestamp="2023-01-25T10:37:09 IST" skipped="0">
  <testcase classname="testng_practise.DataProviderTest" name="browserLaunch" time="2.815"/>
  <system-out/>
  <testcase classname="testng_practise.DataProviderTest" name="getUrl" time="5.225"/>
  <system-out/>
  <testcase classname="testng_practise.DataProviderTest" name="inputData" time="0.542"/>
  <system-out/>
  <testcase classname="testng_practise.DataProviderTest" name="inputData" time="1.478"/>
  <system-out/>
  <testcase classname="testng_practise.DataProviderTest" name="inputData" time="10.390"/>
  <system-out/>
</testsuite> <!-- testng_practise.DataProviderTest -->
