<?xml version="1.0" encoding="UTF-8"?>
<!-- Generated by org.testng.reporters.JUnitReportReporter -->
<testsuite hostname="LAPTOP-P68MVO59" failures="0" tests="4" name="testng_practise.CrossBrowserTest" time="74.811" errors="0" timestamp="2023-01-25T10:26:05 IST" skipped="0">
  <testcase classname="testng_practise.CrossBrowserTest" name="getUrl" time="1.291"/>
  <system-out/>
  <testcase classname="testng_practise.CrossBrowserTest" name="browserLaunch" time="2.489"/>
  <system-out/>
  <testcase classname="testng_practise.CrossBrowserTest" name="getUrl" time="25.228"/>
  <system-out/>
  <testcase classname="testng_practise.CrossBrowserTest" name="browserLaunch" time="45.803"/>
  <system-out/>
</testsuite> <!-- testng_practise.CrossBrowserTest -->
