<?xml version="1.0" encoding="UTF-8"?>
<!-- Generated by org.testng.reporters.JUnitReportReporter -->
<testsuite hostname="LAPTOP-P68MVO59" failures="0" tests="1" name="testng_practise.ExpectedException" time="0.010" errors="0" timestamp="2023-01-23T17:39:12 IST" skipped="0">
  <testcase classname="testng_practise.ExpectedException" name="calculation" time="0.010"/>
  <system-out/>
</testsuite> <!-- testng_practise.ExpectedException -->
