<?xml version="1.0" encoding="UTF-8"?>
<!-- Generated by org.testng.reporters.JUnitReportReporter -->
<testsuite hostname="LAPTOP-P68MVO59" failures="0" tests="1" name="testng_practise.TimeoutTest" time="4.031" errors="0" timestamp="2023-01-23T17:35:17 IST" skipped="0">
  <testcase classname="testng_practise.TimeoutTest" name="login" time="4.031"/>
  <system-out/>
</testsuite> <!-- testng_practise.TimeoutTest -->
